<?xml version="1.0" encoding="UTF-8"?>
<coverage generated="1657178340925" clover="3.2.0">
  <project timestamp="1657178340925" name="All files">
    <metrics statements="12" coveredstatements="10" conditionals="2" coveredconditionals="0" methods="7" coveredmethods="3" elements="21" coveredelements="13" complexity="0" loc="12" ncloc="12" packages="3" files="3" classes="3"/>
    <package name="counter-jest">
      <metrics statements="6" coveredstatements="4" conditionals="2" coveredconditionals="0" methods="5" coveredmethods="1"/>
      <file name="App.js" path="/Users/moshibilpk/Documents/GitHub/counter-jest/App.js">
        <metrics statements="6" coveredstatements="4" conditionals="2" coveredconditionals="0" methods="5" coveredmethods="1"/>
        <line num="6" count="1" type="stmt"/>
        <line num="8" count="1" type="stmt"/>
        <line num="9" count="0" type="stmt"/>
        <line num="12" count="1" type="stmt"/>
        <line num="13" count="0" type="cond" truecount="0" falsecount="2"/>
        <line num="16" count="1" type="stmt"/>
      </file>
    </package>
    <package name="counter-jest.src.components">
      <metrics statements="3" coveredstatements="3" conditionals="0" coveredconditionals="0" methods="1" coveredmethods="1"/>
      <file name="Button.js" path="/Users/moshibilpk/Documents/GitHub/counter-jest/src/components/Button.js">
        <metrics statements="3" coveredstatements="3" conditionals="0" coveredconditionals="0" methods="1" coveredmethods="1"/>
        <line num="10" count="3" type="stmt"/>
        <line num="11" count="3" type="stmt"/>
        <line num="20" count="3" type="stmt"/>
      </file>
    </package>
    <package name="counter-jest.src.counter">
      <metrics statements="3" coveredstatements="3" conditionals="0" coveredconditionals="0" methods="1" coveredmethods="1"/>
      <file name="Counter.js" path="/Users/moshibilpk/Documents/GitHub/counter-jest/src/counter/Counter.js">
        <metrics statements="3" coveredstatements="3" conditionals="0" coveredconditionals="0" methods="1" coveredmethods="1"/>
        <line num="14" count="2" type="stmt"/>
        <line num="15" count="2" type="stmt"/>
        <line num="24" count="2" type="stmt"/>
      </file>
    </package>
  </project>
</coverage>
