{"/Users/moshibilpk/Documents/GitHub/counter-jest/App.js": {"path":"/Users/moshibilpk/Documents/GitHub/counter-jest/App.js","statementMap":{"0":{"start":{"line":14,"column":28},"end":{"line":14,"column":39}},"1":{"start":{"line":16,"column":25},"end":{"line":18,"column":3}},"2":{"start":{"line":17,"column":4},"end":{"line":17,"column":49}},"3":{"start":{"line":17,"column":30},"end":{"line":17,"column":47}},"4":{"start":{"line":20,"column":25},"end":{"line":22,"column":3}},"5":{"start":{"line":21,"column":4},"end":{"line":21,"column":49}},"6":{"start":{"line":21,"column":30},"end":{"line":21,"column":47}},"7":{"start":{"line":24,"column":2},"end":{"line":32,"column":4}}},"fnMap":{"0":{"name":"App","decl":{"start":{"line":13,"column":9},"end":{"line":13,"column":12}},"loc":{"start":{"line":13,"column":21},"end":{"line":33,"column":1}},"line":13},"1":{"name":"(anonymous_1)","decl":{"start":{"line":16,"column":25},"end":{"line":16,"column":26}},"loc":{"start":{"line":16,"column":31},"end":{"line":18,"column":3}},"line":16},"2":{"name":"(anonymous_2)","decl":{"start":{"line":17,"column":13},"end":{"line":17,"column":14}},"loc":{"start":{"line":17,"column":30},"end":{"line":17,"column":47}},"line":17},"3":{"name":"(anonymous_3)","decl":{"start":{"line":20,"column":25},"end":{"line":20,"column":26}},"loc":{"start":{"line":20,"column":31},"end":{"line":22,"column":3}},"line":20},"4":{"name":"(anonymous_4)","decl":{"start":{"line":21,"column":13},"end":{"line":21,"column":14}},"loc":{"start":{"line":21,"column":30},"end":{"line":21,"column":47}},"line":21}},"branchMap":{},"s":{"0":4,"1":4,"2":1,"3":1,"4":4,"5":1,"6":1,"7":4},"f":{"0":4,"1":1,"2":1,"3":1,"4":1},"b":{},"_coverageSchema":"1a1c01bbd47fc00a2c39e90264f33305004495a9","hash":"eafb6bc1c799842055d1244a87e00965a6f60067"}
,"/Users/moshibilpk/Documents/GitHub/counter-jest/src/components/Button.js": {"path":"/Users/moshibilpk/Documents/GitHub/counter-jest/src/components/Button.js","statementMap":{"0":{"start":{"line":11,"column":15},"end":{"line":20,"column":1}},"1":{"start":{"line":15,"column":2},"end":{"line":19,"column":4}},"2":{"start":{"line":23,"column":15},"end":{"line":32,"column":2}}},"fnMap":{"0":{"name":"(anonymous_0)","decl":{"start":{"line":11,"column":15},"end":{"line":11,"column":16}},"loc":{"start":{"line":14,"column":53},"end":{"line":20,"column":1}},"line":14}},"branchMap":{},"s":{"0":3,"1":3,"2":3},"f":{"0":3},"b":{},"_coverageSchema":"1a1c01bbd47fc00a2c39e90264f33305004495a9","hash":"18bf910bb8eaad4a337765a8b3b29e6b9118610f"}
,"/Users/moshibilpk/Documents/GitHub/counter-jest/src/counter/Counter.js": {"path":"/Users/moshibilpk/Documents/GitHub/counter-jest/src/counter/Counter.js","statementMap":{"0":{"start":{"line":14,"column":16},"end":{"line":24,"column":1}},"1":{"start":{"line":15,"column":2},"end":{"line":23,"column":4}},"2":{"start":{"line":26,"column":15},"end":{"line":37,"column":2}}},"fnMap":{"0":{"name":"(anonymous_0)","decl":{"start":{"line":14,"column":16},"end":{"line":14,"column":17}},"loc":{"start":{"line":14,"column":78},"end":{"line":24,"column":1}},"line":14}},"branchMap":{"0":{"loc":{"start":{"line":19,"column":7},"end":{"line":21,"column":14}},"type":"cond-expr","locations":[{"start":{"line":20,"column":8},"end":{"line":20,"column":68}},{"start":{"line":21,"column":10},"end":{"line":21,"column":14}}],"line":19}},"s":{"0":2,"1":4,"2":2},"f":{"0":4},"b":{"0":[1,3]},"_coverageSchema":"1a1c01bbd47fc00a2c39e90264f33305004495a9","hash":"b84c539e081262b9b127a408e252ac9aa328f199"}
}
